Сборка начата 03.01.2024 11:36:08.
Уровень детализации журнала: Normal.     1>Проект "C:\Users\stude\OneDrive\Рабочий стол\Всякое\Файлы\visual Studio\Project-main (1)\MathCalculator\MathCalculator\MathCalculator.vcxproj" в узле 2 (целевые объекты Build).
     1>InitializeBuildStatus:
         Создание "x64\Debug\MathCalculator.tlog\unsuccessfulbuild", так как было задано "AlwaysCreate".
         Обращение к "x64\Debug\MathCalculator.tlog\unsuccessfulbuild".
       ClCompile:
         C:\Program Files\Microsoft Visual Studio\2022\Community\VC\Tools\MSVC\14.37.32822\bin\HostX64\x64\CL.exe /c /ZI /JMC /nologo /W3 /WX- /diagnostics:column /sdl /Od /D _DEBUG /D _CONSOLE /D _UNICODE /D UNICODE /Gm- /EHsc /RTC1 /MDd /GS /fp:precise /Zc:wchar_t /Zc:forScope /Zc:inline /permissive- /Fo"x64\Debug\\" /Fd"x64\Debug\vc143.pdb" /external:W3 /Gd /TP /FC /errorReport:prompt MainConverter.cpp
         MainConverter.cpp
     1>C:\Users\stude\OneDrive\Рабочий стол\Всякое\Файлы\visual Studio\Project-main (1)\MathCalculator\MathCalculator\MainConverter.cpp(15,9): warning C4305: инициализация: усечение из "__int64" в "long"
     1>C:\Users\stude\OneDrive\Рабочий стол\Всякое\Файлы\visual Studio\Project-main (1)\MathCalculator\MathCalculator\MainConverter.cpp(15,11): warning C4309: инициализация: усечение константного значения
       Link:
         C:\Program Files\Microsoft Visual Studio\2022\Community\VC\Tools\MSVC\14.37.32822\bin\HostX64\x64\link.exe /ERRORREPORT:PROMPT /OUT:"C:\Users\stude\OneDrive\Рабочий стол\Всякое\Файлы\visual Studio\Project-main (1)\MathCalculator\x64\Debug\MathCalculator.exe" /INCREMENTAL /ILK:"x64\Debug\MathCalculator.ilk" /NOLOGO kernel32.lib user32.lib gdi32.lib winspool.lib comdlg32.lib advapi32.lib shell32.lib ole32.lib oleaut32.lib uuid.lib odbc32.lib odbccp32.lib /MANIFEST /MANIFESTUAC:"level='asInvoker' uiAccess='false'" /manifest:embed /DEBUG /PDB:"C:\Users\stude\OneDrive\Рабочий стол\Всякое\Файлы\visual Studio\Project-main (1)\MathCalculator\x64\Debug\MathCalculator.pdb" /SUBSYSTEM:CONSOLE /TLBID:1 /DYNAMICBASE /NXCOMPAT /IMPLIB:"C:\Users\stude\OneDrive\Рабочий стол\Всякое\Файлы\visual Studio\Project-main (1)\MathCalculator\x64\Debug\MathCalculator.lib" /MACHINE:X64 x64\Debug\CurvedTrapezoidArea.obj
         x64\Debug\Discriminant.obj
         x64\Debug\exit.obj
         x64\Debug\Factorial.obj
         x64\Debug\Index.obj
         x64\Debug\MainAlgebraModule.obj
         x64\Debug\MainConverter.obj
         x64\Debug\MainMathModule.obj
         x64\Debug\Matrix3x3.obj
         x64\Debug\MatrixSummation.obj
         x64\Debug\NLogarithm.obj
         x64\Debug\Logarithm10.obj
         x64\Debug\VectorAddition.obj
         x64\Debug\VectorDistance.obj
         x64\Debug\VectorSubstraction.obj
         MathCalculator.vcxproj -> C:\Users\stude\OneDrive\Рабочий стол\Всякое\Файлы\visual Studio\Project-main (1)\MathCalculator\x64\Debug\MathCalculator.exe
       FinalizeBuildStatus:
         Файл "x64\Debug\MathCalculator.tlog\unsuccessfulbuild" удаляется.
         Обращение к "x64\Debug\MathCalculator.tlog\MathCalculator.lastbuildstate".
     1>Сборка проекта "C:\Users\stude\OneDrive\Рабочий стол\Всякое\Файлы\visual Studio\Project-main (1)\MathCalculator\MathCalculator\MathCalculator.vcxproj" завершена (целевые объекты Build).

Сборка успешно завершена.

       "C:\Users\stude\OneDrive\Рабочий стол\Всякое\Файлы\visual Studio\Project-main (1)\MathCalculator\MathCalculator\MathCalculator.vcxproj" (целевой объект Build ) (1) ->
       (Целевой объект ClCompile) -> 
         C:\Users\stude\OneDrive\Рабочий стол\Всякое\Файлы\visual Studio\Project-main (1)\MathCalculator\MathCalculator\MainConverter.cpp(15,9): warning C4305: инициализация: усечение из "__int64" в "long"
         C:\Users\stude\OneDrive\Рабочий стол\Всякое\Файлы\visual Studio\Project-main (1)\MathCalculator\MathCalculator\MainConverter.cpp(15,11): warning C4309: инициализация: усечение константного значения

    Предупреждений: 2
    Ошибок: 0

Прошло времени 00:00:01.02
