Сборка начата 28.12.2023 14:26:44.
Уровень детализации журнала: Normal.     1>Проект "C:\Users\stude\OneDrive\Рабочий стол\Всякое\PROJECT_TO_JACUBENKO\Project\NICECOCK\NICECOCK.vcxproj" в узле 2 (целевые объекты Build).
     1>InitializeBuildStatus:
         Создание "x64\Debug\NICECOCK.tlog\unsuccessfulbuild", так как было задано "AlwaysCreate".
         Обращение к "x64\Debug\NICECOCK.tlog\unsuccessfulbuild".
       ClCompile:
         C:\Program Files\Microsoft Visual Studio\2022\Community\VC\Tools\MSVC\14.37.32822\bin\HostX64\x64\CL.exe /c /ZI /JMC /nologo /W3 /WX- /diagnostics:column /sdl /Od /D _DEBUG /D _CONSOLE /D _UNICODE /D UNICODE /Gm- /EHsc /RTC1 /MDd /GS /fp:precise /Zc:wchar_t /Zc:forScope /Zc:inline /permissive- /Fo"x64\Debug\\" /Fd"x64\Debug\vc143.pdb" /external:W3 /Gd /TP /FC /errorReport:prompt NICECOCK.cpp
         NICECOCK.cpp
     1>C:\Users\stude\OneDrive\Рабочий стол\Всякое\PROJECT_TO_JACUBENKO\Project\NICECOCK\NICECOCK.cpp(13,9): warning C4305: инициализация: усечение из "__int64" в "long"
     1>C:\Users\stude\OneDrive\Рабочий стол\Всякое\PROJECT_TO_JACUBENKO\Project\NICECOCK\NICECOCK.cpp(13,11): warning C4309: инициализация: усечение константного значения
       Link:
         C:\Program Files\Microsoft Visual Studio\2022\Community\VC\Tools\MSVC\14.37.32822\bin\HostX64\x64\link.exe /ERRORREPORT:PROMPT /OUT:"C:\Users\stude\OneDrive\Рабочий стол\Всякое\PROJECT_TO_JACUBENKO\Project\NICECOCK\x64\Debug\NICECOCK.exe" /INCREMENTAL /ILK:"x64\Debug\NICECOCK.ilk" /NOLOGO kernel32.lib user32.lib gdi32.lib winspool.lib comdlg32.lib advapi32.lib shell32.lib ole32.lib oleaut32.lib uuid.lib odbc32.lib odbccp32.lib /MANIFEST /MANIFESTUAC:"level='asInvoker' uiAccess='false'" /manifest:embed /DEBUG /PDB:"C:\Users\stude\OneDrive\Рабочий стол\Всякое\PROJECT_TO_JACUBENKO\Project\NICECOCK\x64\Debug\NICECOCK.pdb" /SUBSYSTEM:CONSOLE /TLBID:1 /DYNAMICBASE /NXCOMPAT /IMPLIB:"C:\Users\stude\OneDrive\Рабочий стол\Всякое\PROJECT_TO_JACUBENKO\Project\NICECOCK\x64\Debug\NICECOCK.lib" /MACHINE:X64 x64\Debug\NICECOCK.obj
         NICECOCK.vcxproj -> C:\Users\stude\OneDrive\Рабочий стол\Всякое\PROJECT_TO_JACUBENKO\Project\NICECOCK\x64\Debug\NICECOCK.exe
       FinalizeBuildStatus:
         Файл "x64\Debug\NICECOCK.tlog\unsuccessfulbuild" удаляется.
         Обращение к "x64\Debug\NICECOCK.tlog\NICECOCK.lastbuildstate".
     1>Сборка проекта "C:\Users\stude\OneDrive\Рабочий стол\Всякое\PROJECT_TO_JACUBENKO\Project\NICECOCK\NICECOCK.vcxproj" завершена (целевые объекты Build).

Сборка успешно завершена.

       "C:\Users\stude\OneDrive\Рабочий стол\Всякое\PROJECT_TO_JACUBENKO\Project\NICECOCK\NICECOCK.vcxproj" (целевой объект Build ) (1) ->
       (Целевой объект ClCompile) -> 
         C:\Users\stude\OneDrive\Рабочий стол\Всякое\PROJECT_TO_JACUBENKO\Project\NICECOCK\NICECOCK.cpp(13,9): warning C4305: инициализация: усечение из "__int64" в "long"
         C:\Users\stude\OneDrive\Рабочий стол\Всякое\PROJECT_TO_JACUBENKO\Project\NICECOCK\NICECOCK.cpp(13,11): warning C4309: инициализация: усечение константного значения

    Предупреждений: 2
    Ошибок: 0

Прошло времени 00:00:00.86
